<?xml version="1.0" encoding="UTF-8"?>
<testng-results ignored="0" total="1" passed="1" failed="0" skipped="0">
  <reporter-output>
  </reporter-output>
  <suite started-at="2022-07-28T08:00:10 GMT-04:00" name="Default suite" finished-at="2022-07-28T08:00:15 GMT-04:00" duration-ms="5057">
    <groups>
    </groups>
    <test started-at="2022-07-28T08:00:10 GMT-04:00" name="Default test" finished-at="2022-07-28T08:00:15 GMT-04:00" duration-ms="5057">
      <class name="com.citibikenyc.qa.test.TestClass">
        <test-method is-config="true" signature="setUp()[pri:0, instance:com.citibikenyc.qa.test.TestClass@71238fc2]" started-at="2022-07-28T08:00:10 GMT-04:00" name="setUp" finished-at="2022-07-28T08:00:14 GMT-04:00" duration-ms="4904" status="PASS">
          <reporter-output>
          </reporter-output>
        </test-method> <!-- setUp -->
        <test-method signature="home()[pri:0, instance:com.citibikenyc.qa.test.TestClass@71238fc2]" started-at="2022-07-28T08:00:14 GMT-04:00" name="home" finished-at="2022-07-28T08:00:14 GMT-04:00" duration-ms="5" status="PASS">
          <reporter-output>
          </reporter-output>
        </test-method> <!-- home -->
        <test-method is-config="true" signature="terminate()[pri:0, instance:com.citibikenyc.qa.test.TestClass@71238fc2]" started-at="2022-07-28T08:00:14 GMT-04:00" name="terminate" finished-at="2022-07-28T08:00:15 GMT-04:00" duration-ms="112" status="PASS">
          <reporter-output>
          </reporter-output>
        </test-method> <!-- terminate -->
      </class> <!-- com.citibikenyc.qa.test.TestClass -->
    </test> <!-- Default test -->
  </suite> <!-- Default suite -->
</testng-results>
